[    79.204] (--) Log file renamed from "/home/amegani/.local/share/xorg/Xorg.pid-1719.log" to "/home/amegani/.local/share/xorg/Xorg.0.log"
[    79.232] 
X.Org X Server 1.20.1
X Protocol Version 11, Revision 0
[    79.232] Build Operating System: Linux 4.4.0-135-generic x86_64 Ubuntu
[    79.232] Current Operating System: Linux amegani-Latitude-E5430-non-vPro 4.18.0-10-generic #11-Ubuntu SMP Thu Oct 11 15:13:55 UTC 2018 x86_64
[    79.232] Kernel command line: BOOT_IMAGE=/boot/vmlinuz-4.18.0-10-generic root=UUID=69a11ec0-cfa2-4330-b423-0243191fedea ro quiet splash vt.handoff=1
[    79.232] Build Date: 02 October 2018  06:40:03PM
[    79.232] xorg-server 2:1.20.1-3ubuntu2 (For technical support please see http://www.ubuntu.com/support) 
[    79.232] Current version of pixman: 0.34.0
[    79.232] 	Before reporting problems, check http://wiki.x.org
	to make sure that you have the latest version.
[    79.233] Markers: (--) probed, (**) from config file, (==) default setting,
	(++) from command line, (!!) notice, (II) informational,
	(WW) warning, (EE) error, (NI) not implemented, (??) unknown.
[    79.233] (==) Log file: "/home/amegani/.local/share/xorg/Xorg.0.log", Time: Fri Dec 28 06:53:11 2018
[    79.306] (==) Using system config directory "/usr/share/X11/xorg.conf.d"
[    79.323] (==) No Layout section.  Using the first Screen section.
[    79.323] (==) No screen section available. Using defaults.
[    79.323] (**) |-->Screen "Default Screen Section" (0)
[    79.323] (**) |   |-->Monitor "<default monitor>"
[    79.341] (==) No monitor specified for screen "Default Screen Section".
	Using a default monitor configuration.
[    79.341] (==) Automatically adding devices
[    79.341] (==) Automatically enabling devices
[    79.341] (==) Automatically adding GPU devices
[    79.341] (==) Automatically binding GPU devices
[    79.341] (==) Max clients allowed: 256, resource mask: 0x1fffff
[    79.341] (WW) The directory "/usr/share/fonts/X11/cyrillic" does not exist.
[    79.341] 	Entry deleted from font path.
[    79.341] (WW) The directory "/usr/share/fonts/X11/100dpi/" does not exist.
[    79.341] 	Entry deleted from font path.
[    79.341] (WW) The directory "/usr/share/fonts/X11/75dpi/" does not exist.
[    79.341] 	Entry deleted from font path.
[    79.341] (WW) The directory "/usr/share/fonts/X11/100dpi" does not exist.
[    79.341] 	Entry deleted from font path.
[    79.341] (WW) The directory "/usr/share/fonts/X11/75dpi" does not exist.
[    79.341] 	Entry deleted from font path.
[    79.341] (==) FontPath set to:
	/usr/share/fonts/X11/misc,
	/usr/share/fonts/X11/Type1,
	built-ins
[    79.341] (==) ModulePath set to "/usr/lib/xorg/modules"
[    79.341] (II) The server relies on udev to provide the list of input devices.
	If no devices become available, reconfigure udev or disable AutoAddDevices.
[    79.341] (II) Loader magic: 0x55ac4eb93020
[    79.341] (II) Module ABI versions:
[    79.341] 	X.Org ANSI C Emulation: 0.4
[    79.341] 	X.Org Video Driver: 24.0
[    79.341] 	X.Org XInput driver : 24.1
[    79.341] 	X.Org Server Extension : 10.0
[    79.342] (++) using VT number 2

[    79.345] (II) systemd-logind: took control of session /org/freedesktop/login1/session/_32
[    79.346] (II) xfree86: Adding drm device (/dev/dri/card0)
[    79.347] (II) systemd-logind: got fd for /dev/dri/card0 226:0 fd 12 paused 0
[    79.350] (--) PCI:*(0@0:2:0) 8086:0166:1028:053c rev 9, Mem @ 0xf6400000/4194304, 0xe0000000/268435456, I/O @ 0x0000f000/64, BIOS @ 0x????????/131072
[    79.350] (II) LoadModule: "glx"
[    79.399] (II) Loading /usr/lib/xorg/modules/extensions/libglx.so
[    79.478] (II) Module glx: vendor="X.Org Foundation"
[    79.478] 	compiled for 1.20.1, module version = 1.0.0
[    79.478] 	ABI class: X.Org Server Extension, version 10.0
[    79.478] (==) Matched modesetting as autoconfigured driver 0
[    79.478] (==) Matched fbdev as autoconfigured driver 1
[    79.478] (==) Matched vesa as autoconfigured driver 2
[    79.478] (==) Assigned the driver to the xf86ConfigLayout
[    79.478] (II) LoadModule: "modesetting"
[    79.479] (II) Loading /usr/lib/xorg/modules/drivers/modesetting_drv.so
[    79.485] (II) Module modesetting: vendor="X.Org Foundation"
[    79.485] 	compiled for 1.20.1, module version = 1.20.1
[    79.485] 	Module class: X.Org Video Driver
[    79.485] 	ABI class: X.Org Video Driver, version 24.0
[    79.485] (II) LoadModule: "fbdev"
[    79.485] (II) Loading /usr/lib/xorg/modules/drivers/fbdev_drv.so
[    79.492] (II) Module fbdev: vendor="X.Org Foundation"
[    79.492] 	compiled for 1.20.1, module version = 0.5.0
[    79.492] 	Module class: X.Org Video Driver
[    79.492] 	ABI class: X.Org Video Driver, version 24.0
[    79.492] (II) LoadModule: "vesa"
[    79.492] (II) Loading /usr/lib/xorg/modules/drivers/vesa_drv.so
[    79.504] (II) Module vesa: vendor="X.Org Foundation"
[    79.504] 	compiled for 1.20.0, module version = 2.4.0
[    79.504] 	Module class: X.Org Video Driver
[    79.504] 	ABI class: X.Org Video Driver, version 24.0
[    79.504] (II) modesetting: Driver for Modesetting Kernel Drivers: kms
[    79.504] (II) FBDEV: driver for framebuffer: fbdev
[    79.504] (II) VESA: driver for VESA chipsets: vesa
[    79.504] xf86EnableIOPorts: failed to set IOPL for I/O (Operation not permitted)
[    79.504] (II) modeset(0): using drv /dev/dri/card0
[    79.504] (WW) Falling back to old probe method for fbdev
[    79.505] (II) Loading sub module "fbdevhw"
[    79.505] (II) LoadModule: "fbdevhw"
[    79.505] (II) Loading /usr/lib/xorg/modules/libfbdevhw.so
[    79.509] (II) Module fbdevhw: vendor="X.Org Foundation"
[    79.509] 	compiled for 1.20.1, module version = 0.0.2
[    79.509] 	ABI class: X.Org Video Driver, version 24.0
[    79.509] (EE) open /dev/fb0: Permission denied
[    79.509] (WW) VGA arbiter: cannot open kernel arbiter, no multi-card support
[    79.509] (II) modeset(0): Creating default Display subsection in Screen section
	"Default Screen Section" for depth/fbbpp 24/32
[    79.509] (==) modeset(0): Depth 24, (==) framebuffer bpp 32
[    79.509] (==) modeset(0): RGB weight 888
[    79.509] (==) modeset(0): Default visual is TrueColor
[    79.509] (II) Loading sub module "glamoregl"
[    79.509] (II) LoadModule: "glamoregl"
[    79.509] (II) Loading /usr/lib/xorg/modules/libglamoregl.so
[    79.517] (II) Module glamoregl: vendor="X.Org Foundation"
[    79.517] 	compiled for 1.20.1, module version = 1.0.1
[    79.517] 	ABI class: X.Org ANSI C Emulation, version 0.4
[    79.532] (II) modeset(0): glamor X acceleration enabled on Mesa DRI Intel(R) Ivybridge Mobile 
[    79.532] (II) modeset(0): glamor initialized
[    79.533] (II) modeset(0): Output LVDS-1 has no monitor section
[    79.534] (II) modeset(0): Output VGA-1 has no monitor section
[    79.535] (II) modeset(0): Output HDMI-1 has no monitor section
[    79.535] (II) modeset(0): Output DP-1 has no monitor section
[    79.537] (II) modeset(0): Output HDMI-2 has no monitor section
[    79.538] (II) modeset(0): Output HDMI-3 has no monitor section
[    79.539] (II) modeset(0): Output DP-2 has no monitor section
[    79.539] (II) modeset(0): Output DP-3 has no monitor section
[    79.552] (II) modeset(0): EDID for output LVDS-1
[    79.553] (II) modeset(0): Manufacturer: LGD  Model: 33e  Serial#: 0
[    79.553] (II) modeset(0): Year: 2012  Week: 0
[    79.553] (II) modeset(0): EDID Version: 1.4
[    79.553] (II) modeset(0): Digital Display Input
[    79.553] (II) modeset(0): 6 bits per channel
[    79.553] (II) modeset(0): Digital interface is undefined
[    79.553] (II) modeset(0): Max Image Size [cm]: horiz.: 31  vert.: 17
[    79.553] (II) modeset(0): Gamma: 2.20
[    79.553] (II) modeset(0): No DPMS capabilities specified
[    79.553] (II) modeset(0): Supported color encodings: RGB 4:4:4 YCrCb 4:4:4 
[    79.553] (II) modeset(0): First detailed timing is preferred mode
[    79.553] (II) modeset(0): Preferred mode is native pixel format and refresh rate
[    79.553] (II) modeset(0): redX: 0.588 redY: 0.346   greenX: 0.342 greenY: 0.556
[    79.553] (II) modeset(0): blueX: 0.156 blueY: 0.123   whiteX: 0.313 whiteY: 0.329
[    79.553] (II) modeset(0): Manufacturer's mask: 0
[    79.553] (II) modeset(0): Supported detailed timing:
[    79.553] (II) modeset(0): clock: 76.8 MHz   Image Size:  309 x 174 mm
[    79.553] (II) modeset(0): h_active: 1366  h_sync: 1402  h_sync_end 1450 h_blank_end 1552 h_border: 0
[    79.553] (II) modeset(0): v_active: 768  v_sync: 771  v_sync_end 776 v_blanking: 824 v_border: 0
[    79.553] (II) modeset(0): Supported detailed timing:
[    79.553] (II) modeset(0): clock: 50.8 MHz   Image Size:  309 x 174 mm
[    79.553] (II) modeset(0): h_active: 1366  h_sync: 1402  h_sync_end 1450 h_blank_end 1552 h_border: 0
[    79.553] (II) modeset(0): v_active: 768  v_sync: 771  v_sync_end 776 v_blanking: 818 v_border: 0
[    79.553] (II) modeset(0):  3HT47€140WH4
[    79.553] (II) modeset(0): Unknown vendor-specific block 0
[    79.553] (II) modeset(0): EDID (in hex):
[    79.553] (II) modeset(0): 	00ffffffffffff0030e43e0300000000
[    79.553] (II) modeset(0): 	00160104901f11780aa9259658578e28
[    79.553] (II) modeset(0): 	1f505400000001010101010101010101
[    79.553] (II) modeset(0): 	010101010101fb1d56ba500038302430
[    79.553] (II) modeset(0): 	350035ae10000019d81356ba50003230
[    79.553] (II) modeset(0): 	2430350035ae10000019000000fe0033
[    79.554] (II) modeset(0): 	48543437803134305748340a00000000
[    79.554] (II) modeset(0): 	00004131940100000001010a20200084
[    79.554] (II) modeset(0): Printing probed modes for output LVDS-1
[    79.554] (II) modeset(0): Modeline "1366x768"x60.0   76.75  1366 1402 1450 1552  768 771 776 824 -hsync -vsync (49.5 kHz eP)
[    79.554] (II) modeset(0): Modeline "1366x768"x40.0   50.80  1366 1402 1450 1552  768 771 776 818 -hsync -vsync (32.7 kHz e)
[    79.554] (II) modeset(0): Modeline "1360x768"x59.8   84.75  1360 1432 1568 1776  768 771 781 798 -hsync +vsync (47.7 kHz d)
[    79.554] (II) modeset(0): Modeline "1360x768"x60.0   72.00  1360 1408 1440 1520  768 771 781 790 +hsync -vsync (47.4 kHz d)
[    79.554] (II) modeset(0): Modeline "1280x720"x120.0  156.12  1280 1376 1512 1744  720 721 724 746 doublescan -hsync +vsync (89.5 kHz d)
[    79.554] (II) modeset(0): Modeline "1280x720"x120.0  120.75  1280 1304 1320 1360  720 721 724 740 doublescan +hsync -vsync (88.8 kHz d)
[    79.554] (II) modeset(0): Modeline "1280x720"x59.9   74.50  1280 1344 1472 1664  720 723 728 748 -hsync +vsync (44.8 kHz d)
[    79.554] (II) modeset(0): Modeline "1280x720"x59.7   63.75  1280 1328 1360 1440  720 723 728 741 +hsync -vsync (44.3 kHz d)
[    79.554] (II) modeset(0): Modeline "1024x768"x120.1  133.47  1024 1100 1212 1400  768 768 770 794 doublescan -hsync +vsync (95.3 kHz d)
[    79.554] (II) modeset(0): Modeline "1024x768"x60.0   65.00  1024 1048 1184 1344  768 771 777 806 -hsync -vsync (48.4 kHz d)
[    79.554] (II) modeset(0): Modeline "960x720"x120.0  117.00  960 1024 1128 1300  720 720 722 750 doublescan -hsync +vsync (90.0 kHz d)
[    79.554] (II) modeset(0): Modeline "928x696"x120.1  109.15  928 976 1088 1264  696 696 698 719 doublescan -hsync +vsync (86.4 kHz d)
[    79.554] (II) modeset(0): Modeline "896x672"x120.0  102.40  896 960 1060 1224  672 672 674 697 doublescan -hsync +vsync (83.7 kHz d)
[    79.554] (II) modeset(0): Modeline "1024x576"x119.9   98.50  1024 1092 1200 1376  576 577 580 597 doublescan -hsync +vsync (71.6 kHz d)
[    79.555] (II) modeset(0): Modeline "1024x576"x119.9   78.38  1024 1048 1064 1104  576 577 580 592 doublescan +hsync -vsync (71.0 kHz d)
[    79.555] (II) modeset(0): Modeline "1024x576"x59.9   46.50  1024 1064 1160 1296  576 579 584 599 -hsync +vsync (35.9 kHz d)
[    79.555] (II) modeset(0): Modeline "1024x576"x59.8   42.00  1024 1072 1104 1184  576 579 584 593 +hsync -vsync (35.5 kHz d)
[    79.555] (II) modeset(0): Modeline "960x600"x119.9   96.62  960 1028 1128 1296  600 601 604 622 doublescan -hsync +vsync (74.6 kHz d)
[    79.555] (II) modeset(0): Modeline "960x600"x120.0   77.00  960 984 1000 1040  600 601 604 617 doublescan +hsync -vsync (74.0 kHz d)
[    79.555] (II) modeset(0): Modeline "960x540"x119.9   86.50  960 1024 1124 1288  540 541 544 560 doublescan -hsync +vsync (67.2 kHz d)
[    79.555] (II) modeset(0): Modeline "960x540"x120.0   69.25  960 984 1000 1040  540 541 544 555 doublescan +hsync -vsync (66.6 kHz d)
[    79.555] (II) modeset(0): Modeline "960x540"x59.6   40.75  960 992 1088 1216  540 543 548 562 -hsync +vsync (33.5 kHz d)
[    79.555] (II) modeset(0): Modeline "960x540"x59.8   37.25  960 1008 1040 1120  540 543 548 556 +hsync -vsync (33.3 kHz d)
[    79.555] (II) modeset(0): Modeline "800x600"x120.0   81.00  800 832 928 1080  600 600 602 625 doublescan +hsync +vsync (75.0 kHz d)
[    79.555] (II) modeset(0): Modeline "800x600"x60.3   40.00  800 840 968 1056  600 601 605 628 +hsync +vsync (37.9 kHz d)
[    79.555] (II) modeset(0): Modeline "800x600"x56.2   36.00  800 824 896 1024  600 601 603 625 +hsync +vsync (35.2 kHz d)
[    79.555] (II) modeset(0): Modeline "840x525"x120.0   73.12  840 892 980 1120  525 526 529 544 doublescan -hsync +vsync (65.3 kHz d)
[    79.555] (II) modeset(0): Modeline "840x525"x119.8   59.50  840 864 880 920  525 526 529 540 doublescan +hsync -vsync (64.7 kHz d)
[    79.555] (II) modeset(0): Modeline "864x486"x59.9   32.50  864 888 968 1072  486 489 494 506 -hsync +vsync (30.3 kHz d)
[    79.555] (II) modeset(0): Modeline "864x486"x59.6   30.50  864 912 944 1024  486 489 494 500 +hsync -vsync (29.8 kHz d)
[    79.555] (II) modeset(0): Modeline "800x512"x120.3   51.56  800 800 828 832  512 512 514 515 doublescan +hsync +vsync (62.0 kHz d)
[    79.555] (II) modeset(0): Modeline "700x525"x120.0   61.00  700 744 820 940  525 526 532 541 doublescan +hsync +vsync (64.9 kHz d)
[    79.555] (II) modeset(0): Modeline "800x450"x119.9   59.12  800 848 928 1056  450 451 454 467 doublescan -hsync +vsync (56.0 kHz d)
[    79.555] (II) modeset(0): Modeline "800x450"x119.6   48.75  800 824 840 880  450 451 454 463 doublescan +hsync -vsync (55.4 kHz d)
[    79.555] (II) modeset(0): Modeline "640x512"x120.0   54.00  640 664 720 844  512 512 514 533 doublescan +hsync +vsync (64.0 kHz d)
[    79.555] (II) modeset(0): Modeline "720x450"x119.8   53.25  720 760 836 952  450 451 454 467 doublescan -hsync +vsync (55.9 kHz d)
[    79.555] (II) modeset(0): Modeline "700x450"x119.9   51.75  700 740 812 924  450 451 456 467 doublescan -hsync +vsync (56.0 kHz d)
[    79.555] (II) modeset(0): Modeline "700x450"x119.8   43.25  700 724 740 780  450 451 456 463 doublescan +hsync -vsync (55.4 kHz d)
[    79.555] (II) modeset(0): Modeline "640x480"x120.0   54.00  640 688 744 900  480 480 482 500 doublescan +hsync +vsync (60.0 kHz d)
[    79.555] (II) modeset(0): Modeline "640x480"x59.9   25.18  640 656 752 800  480 490 492 525 -hsync -vsync (31.5 kHz d)
[    79.555] (II) modeset(0): Modeline "720x405"x59.5   22.50  720 744 808 896  405 408 413 422 -hsync +vsync (25.1 kHz d)
[    79.555] (II) modeset(0): Modeline "720x405"x59.0   21.75  720 768 800 880  405 408 413 419 +hsync -vsync (24.7 kHz d)
[    79.555] (II) modeset(0): Modeline "684x384"x119.8   42.62  684 720 788 892  384 385 390 399 doublescan -hsync +vsync (47.8 kHz d)
[    79.555] (II) modeset(0): Modeline "684x384"x119.7   36.12  684 708 724 764  384 385 390 395 doublescan +hsync -vsync (47.3 kHz d)
[    79.555] (II) modeset(0): Modeline "680x384"x119.6   42.38  680 716 784 888  384 385 390 399 doublescan -hsync +vsync (47.7 kHz d)
[    79.555] (II) modeset(0): Modeline "680x384"x119.9   36.00  680 704 720 760  384 385 390 395 doublescan +hsync -vsync (47.4 kHz d)
[    79.555] (II) modeset(0): Modeline "640x400"x119.8   41.75  640 676 740 840  400 401 404 415 doublescan -hsync +vsync (49.7 kHz d)
[    79.555] (II) modeset(0): Modeline "640x400"x120.0   35.50  640 664 680 720  400 401 404 411 doublescan +hsync -vsync (49.3 kHz d)
[    79.555] (II) modeset(0): Modeline "576x432"x120.1   40.81  576 608 668 760  432 432 434 447 doublescan -hsync +vsync (53.7 kHz d)
[    79.555] (II) modeset(0): Modeline "640x360"x119.7   37.25  640 672 736 832  360 361 364 374 doublescan -hsync +vsync (44.8 kHz d)
[    79.555] (II) modeset(0): Modeline "640x360"x119.7   31.88  640 664 680 720  360 361 364 370 doublescan +hsync -vsync (44.3 kHz d)
[    79.556] (II) modeset(0): Modeline "640x360"x59.8   18.00  640 664 720 800  360 363 368 376 -hsync +vsync (22.5 kHz d)
[    79.556] (II) modeset(0): Modeline "640x360"x59.3   17.75  640 688 720 800  360 363 368 374 +hsync -vsync (22.2 kHz d)
[    79.556] (II) modeset(0): Modeline "512x384"x120.0   32.50  512 524 592 672  384 385 388 403 doublescan -hsync -vsync (48.4 kHz d)
[    79.556] (II) modeset(0): Modeline "512x288"x120.0   23.25  512 532 580 648  288 289 292 299 doublescan -hsync +vsync (35.9 kHz d)
[    79.556] (II) modeset(0): Modeline "512x288"x119.8   21.00  512 536 552 592  288 289 292 296 doublescan +hsync -vsync (35.5 kHz d)
[    79.556] (II) modeset(0): Modeline "480x270"x119.3   20.38  480 496 544 608  270 271 274 281 doublescan -hsync +vsync (33.5 kHz d)
[    79.556] (II) modeset(0): Modeline "480x270"x119.6   18.62  480 504 520 560  270 271 274 278 doublescan +hsync -vsync (33.3 kHz d)
[    79.556] (II) modeset(0): Modeline "400x300"x120.6   20.00  400 420 484 528  300 300 302 314 doublescan +hsync +vsync (37.9 kHz d)
[    79.556] (II) modeset(0): Modeline "400x300"x112.7   18.00  400 412 448 512  300 300 301 312 doublescan +hsync +vsync (35.2 kHz d)
[    79.556] (II) modeset(0): Modeline "432x243"x119.8   16.25  432 444 484 536  243 244 247 253 doublescan -hsync +vsync (30.3 kHz d)
[    79.556] (II) modeset(0): Modeline "432x243"x119.1   15.25  432 456 472 512  243 244 247 250 doublescan +hsync -vsync (29.8 kHz d)
[    79.556] (II) modeset(0): Modeline "320x240"x120.1   12.59  320 328 376 400  240 245 246 262 doublescan -hsync -vsync (31.5 kHz d)
[    79.556] (II) modeset(0): Modeline "360x202"x119.0   11.25  360 372 404 448  202 204 206 211 doublescan -hsync +vsync (25.1 kHz d)
[    79.556] (II) modeset(0): Modeline "360x202"x118.3   10.88  360 384 400 440  202 204 206 209 doublescan +hsync -vsync (24.7 kHz d)
[    79.556] (II) modeset(0): Modeline "320x180"x119.7    9.00  320 332 360 400  180 181 184 188 doublescan -hsync +vsync (22.5 kHz d)
[    79.556] (II) modeset(0): Modeline "320x180"x118.6    8.88  320 344 360 400  180 181 184 187 doublescan +hsync -vsync (22.2 kHz d)
[    79.557] (II) modeset(0): EDID for output VGA-1
[    79.559] (II) modeset(0): EDID for output HDMI-1
[    79.559] (II) modeset(0): EDID for output DP-1
[    79.560] (II) modeset(0): EDID for output HDMI-2
[    79.562] (II) modeset(0): EDID for output HDMI-3
[    79.562] (II) modeset(0): EDID for output DP-2
[    79.562] (II) modeset(0): EDID for output DP-3
[    79.562] (II) modeset(0): Output LVDS-1 connected
[    79.562] (II) modeset(0): Output VGA-1 disconnected
[    79.562] (II) modeset(0): Output HDMI-1 disconnected
[    79.562] (II) modeset(0): Output DP-1 disconnected
[    79.562] (II) modeset(0): Output HDMI-2 disconnected
[    79.562] (II) modeset(0): Output HDMI-3 disconnected
[    79.562] (II) modeset(0): Output DP-2 disconnected
[    79.562] (II) modeset(0): Output DP-3 disconnected
[    79.562] (II) modeset(0): Using exact sizes for initial modes
[    79.562] (II) modeset(0): Output LVDS-1 using initial mode 1366x768 +0+0
[    79.562] (==) modeset(0): Using gamma correction (1.0, 1.0, 1.0)
[    79.562] (==) modeset(0): DPI set to (96, 96)
[    79.562] (II) Loading sub module "fb"
[    79.562] (II) LoadModule: "fb"
[    79.562] (II) Loading /usr/lib/xorg/modules/libfb.so
[    79.619] (II) Module fb: vendor="X.Org Foundation"
[    79.619] 	compiled for 1.20.1, module version = 1.0.0
[    79.619] 	ABI class: X.Org ANSI C Emulation, version 0.4
[    79.619] (II) UnloadModule: "fbdev"
[    79.619] (II) Unloading fbdev
[    79.619] (II) UnloadSubModule: "fbdevhw"
[    79.619] (II) Unloading fbdevhw
[    79.619] (II) UnloadModule: "vesa"
[    79.619] (II) Unloading vesa
[    79.688] (==) modeset(0): Backing store enabled
[    79.688] (==) modeset(0): Silken mouse enabled
[    79.719] (II) modeset(0): Initializing kms color map for depth 24, 8 bpc.
[    79.719] (==) modeset(0): DPMS enabled
[    79.750] (II) modeset(0): [DRI2] Setup complete
[    79.750] (II) modeset(0): [DRI2]   DRI driver: i965
[    79.750] (II) modeset(0): [DRI2]   VDPAU driver: i965
[    79.750] (II) Initializing extension Generic Event Extension
[    79.751] (II) Initializing extension SHAPE
[    79.751] (II) Initializing extension MIT-SHM
[    79.751] (II) Initializing extension XInputExtension
[    79.752] (II) Initializing extension XTEST
[    79.753] (II) Initializing extension BIG-REQUESTS
[    79.753] (II) Initializing extension SYNC
[    79.753] (II) Initializing extension XKEYBOARD
[    79.753] (II) Initializing extension XC-MISC
[    79.754] (II) Initializing extension SECURITY
[    79.754] (II) Initializing extension XFIXES
[    79.754] (II) Initializing extension RENDER
[    79.754] (II) Initializing extension RANDR
[    79.755] (II) Initializing extension COMPOSITE
[    79.755] (II) Initializing extension DAMAGE
[    79.756] (II) Initializing extension MIT-SCREEN-SAVER
[    79.756] (II) Initializing extension DOUBLE-BUFFER
[    79.756] (II) Initializing extension RECORD
[    79.756] (II) Initializing extension DPMS
[    79.757] (II) Initializing extension Present
[    79.757] (II) Initializing extension DRI3
[    79.757] (II) Initializing extension X-Resource
[    79.757] (II) Initializing extension XVideo
[    79.758] (II) Initializing extension XVideo-MotionCompensation
[    79.758] (II) Initializing extension SELinux
[    79.758] (II) SELinux: Disabled on system
[    79.758] (II) Initializing extension GLX
[    79.763] (II) AIGLX: Loaded and initialized i965
[    79.763] (II) GLX: Initialized DRI2 GL provider for screen 0
[    79.763] (II) Initializing extension XFree86-VidModeExtension
[    79.763] (II) Initializing extension XFree86-DGA
[    79.763] (II) Initializing extension XFree86-DRI
[    79.764] (II) Initializing extension DRI2
[    79.765] (II) modeset(0): Damage tracking initialized
[    79.765] (II) modeset(0): Setting screen physical size to 361 x 203
[    79.852] (II) config/udev: Adding input device Power Button (/dev/input/event3)
[    79.852] (**) Power Button: Applying InputClass "libinput keyboard catchall"
[    79.852] (II) LoadModule: "libinput"
[    79.853] (II) Loading /usr/lib/xorg/modules/input/libinput_drv.so
[    79.891] (II) Module libinput: vendor="X.Org Foundation"
[    79.891] 	compiled for 1.20.1, module version = 0.28.1
[    79.891] 	Module class: X.Org XInput Driver
[    79.891] 	ABI class: X.Org XInput driver, version 24.1
[    79.891] (II) Using input driver 'libinput' for 'Power Button'
[    79.893] (II) systemd-logind: got fd for /dev/input/event3 13:67 fd 21 paused 0
[    79.893] (**) Power Button: always reports core events
[    79.893] (**) Option "Device" "/dev/input/event3"
[    79.893] (**) Option "_source" "server/udev"
[    79.898] (II) event3  - Power Button: is tagged by udev as: Keyboard
[    79.898] (II) event3  - Power Button: device is a keyboard
[    79.898] (II) event3  - Power Button: device removed
[    79.899] (**) Option "config_info" "udev:/sys/devices/LNXSYSTM:00/LNXPWRBN:00/input/input3/event3"
[    79.899] (II) XINPUT: Adding extended input device "Power Button" (type: KEYBOARD, id 6)
[    79.899] (**) Option "xkb_model" "pc105"
[    79.899] (**) Option "xkb_layout" "us"
[    79.900] (II) event3  - Power Button: is tagged by udev as: Keyboard
[    79.900] (II) event3  - Power Button: device is a keyboard
[    79.901] (II) config/udev: Adding input device Video Bus (/dev/input/event8)
[    79.901] (**) Video Bus: Applying InputClass "libinput keyboard catchall"
[    79.901] (II) Using input driver 'libinput' for 'Video Bus'
[    79.903] (II) systemd-logind: got fd for /dev/input/event8 13:72 fd 24 paused 0
[    79.903] (**) Video Bus: always reports core events
[    79.903] (**) Option "Device" "/dev/input/event8"
[    79.903] (**) Option "_source" "server/udev"
[    79.904] (II) event8  - Video Bus: is tagged by udev as: Keyboard
[    79.904] (II) event8  - Video Bus: device is a keyboard
[    79.904] (II) event8  - Video Bus: device removed
[    79.904] (**) Option "config_info" "udev:/sys/devices/LNXSYSTM:00/LNXSYBUS:00/PNP0A08:00/LNXVIDEO:00/input/input9/event8"
[    79.904] (II) XINPUT: Adding extended input device "Video Bus" (type: KEYBOARD, id 7)
[    79.904] (**) Option "xkb_model" "pc105"
[    79.904] (**) Option "xkb_layout" "us"
[    79.905] (II) event8  - Video Bus: is tagged by udev as: Keyboard
[    79.905] (II) event8  - Video Bus: device is a keyboard
[    79.906] (II) config/udev: Adding input device Power Button (/dev/input/event1)
[    79.906] (**) Power Button: Applying InputClass "libinput keyboard catchall"
[    79.906] (II) Using input driver 'libinput' for 'Power Button'
[    79.907] (II) systemd-logind: got fd for /dev/input/event1 13:65 fd 25 paused 0
[    79.907] (**) Power Button: always reports core events
[    79.907] (**) Option "Device" "/dev/input/event1"
[    79.907] (**) Option "_source" "server/udev"
[    79.908] (II) event1  - Power Button: is tagged by udev as: Keyboard
[    79.908] (II) event1  - Power Button: device is a keyboard
[    79.908] (II) event1  - Power Button: device removed
[    79.908] (**) Option "config_info" "udev:/sys/devices/LNXSYSTM:00/LNXSYBUS:00/PNP0C0C:00/input/input1/event1"
[    79.908] (II) XINPUT: Adding extended input device "Power Button" (type: KEYBOARD, id 8)
[    79.908] (**) Option "xkb_model" "pc105"
[    79.908] (**) Option "xkb_layout" "us"
[    79.909] (II) event1  - Power Button: is tagged by udev as: Keyboard
[    79.909] (II) event1  - Power Button: device is a keyboard
[    79.910] (II) config/udev: Adding input device Lid Switch (/dev/input/event0)
[    79.910] (II) No input driver specified, ignoring this device.
[    79.910] (II) This device may have been added with another device file.
[    79.910] (II) config/udev: Adding input device Sleep Button (/dev/input/event2)
[    79.910] (**) Sleep Button: Applying InputClass "libinput keyboard catchall"
[    79.910] (II) Using input driver 'libinput' for 'Sleep Button'
[    79.911] (II) systemd-logind: got fd for /dev/input/event2 13:66 fd 26 paused 0
[    79.911] (**) Sleep Button: always reports core events
[    79.911] (**) Option "Device" "/dev/input/event2"
[    79.911] (**) Option "_source" "server/udev"
[    79.912] (II) event2  - Sleep Button: is tagged by udev as: Keyboard
[    79.912] (II) event2  - Sleep Button: device is a keyboard
[    79.912] (II) event2  - Sleep Button: device removed
[    79.912] (**) Option "config_info" "udev:/sys/devices/LNXSYSTM:00/LNXSYBUS:00/PNP0C0E:00/input/input2/event2"
[    79.912] (II) XINPUT: Adding extended input device "Sleep Button" (type: KEYBOARD, id 9)
[    79.912] (**) Option "xkb_model" "pc105"
[    79.912] (**) Option "xkb_layout" "us"
[    79.913] (II) event2  - Sleep Button: is tagged by udev as: Keyboard
[    79.913] (II) event2  - Sleep Button: device is a keyboard
[    79.914] (II) config/udev: Adding input device USB Optical Mouse (/dev/input/event5)
[    79.914] (**) USB Optical Mouse: Applying InputClass "libinput pointer catchall"
[    79.914] (II) Using input driver 'libinput' for 'USB Optical Mouse'
[    79.972] (II) systemd-logind: got fd for /dev/input/event5 13:69 fd 27 paused 0
[    79.972] (**) USB Optical Mouse: always reports core events
[    79.972] (**) Option "Device" "/dev/input/event5"
[    79.972] (**) Option "_source" "server/udev"
[    79.975] (II) event5  - USB Optical Mouse: is tagged by udev as: Mouse
[    79.975] (II) event5  - USB Optical Mouse: device is a pointer
[    79.975] (II) event5  - USB Optical Mouse: device removed
[    79.976] (**) Option "config_info" "udev:/sys/devices/pci0000:00/0000:00:14.0/usb3/3-1/3-1:1.0/0003:04F2:1126.0001/input/input7/event5"
[    79.976] (II) XINPUT: Adding extended input device "USB Optical Mouse" (type: MOUSE, id 10)
[    79.976] (**) Option "AccelerationScheme" "none"
[    79.976] (**) USB Optical Mouse: (accel) selected scheme none/0
[    79.976] (**) USB Optical Mouse: (accel) acceleration factor: 2.000
[    79.976] (**) USB Optical Mouse: (accel) acceleration threshold: 4
[    79.980] (II) event5  - USB Optical Mouse: is tagged by udev as: Mouse
[    79.980] (II) event5  - USB Optical Mouse: device is a pointer
[    79.982] (II) config/udev: Adding input device USB Optical Mouse (/dev/input/mouse0)
[    79.982] (II) No input driver specified, ignoring this device.
[    79.982] (II) This device may have been added with another device file.
[    79.983] (II) config/udev: Adding input device Laptop_Integrated_Webcam_E4HD:  (/dev/input/event16)
[    79.984] (**) Laptop_Integrated_Webcam_E4HD: : Applying InputClass "libinput keyboard catchall"
[    79.984] (II) Using input driver 'libinput' for 'Laptop_Integrated_Webcam_E4HD: '
[    79.985] (II) systemd-logind: got fd for /dev/input/event16 13:80 fd 28 paused 0
[    79.985] (**) Laptop_Integrated_Webcam_E4HD: : always reports core events
[    79.985] (**) Option "Device" "/dev/input/event16"
[    79.985] (**) Option "_source" "server/udev"
[    79.986] (II) event16 - Laptop_Integrated_Webcam_E4HD: : is tagged by udev as: Keyboard
[    79.986] (II) event16 - Laptop_Integrated_Webcam_E4HD: : device is a keyboard
[    79.986] (II) event16 - Laptop_Integrated_Webcam_E4HD: : device removed
[    79.986] (**) Option "config_info" "udev:/sys/devices/pci0000:00/0000:00:1a.0/usb1/1-1/1-1.5/1-1.5:1.0/input/input17/event16"
[    79.986] (II) XINPUT: Adding extended input device "Laptop_Integrated_Webcam_E4HD: " (type: KEYBOARD, id 11)
[    79.986] (**) Option "xkb_model" "pc105"
[    79.986] (**) Option "xkb_layout" "us"
[    79.988] (II) event16 - Laptop_Integrated_Webcam_E4HD: : is tagged by udev as: Keyboard
[    79.988] (II) event16 - Laptop_Integrated_Webcam_E4HD: : device is a keyboard
[    79.989] (II) config/udev: Adding input device HDA Intel PCH Dock Mic (/dev/input/event9)
[    79.989] (II) No input driver specified, ignoring this device.
[    79.989] (II) This device may have been added with another device file.
[    79.989] (II) config/udev: Adding input device HDA Intel PCH Headset Mic (/dev/input/event10)
[    79.989] (II) No input driver specified, ignoring this device.
[    79.989] (II) This device may have been added with another device file.
[    79.989] (II) config/udev: Adding input device HDA Intel PCH Dock Line Out (/dev/input/event11)
[    79.989] (II) No input driver specified, ignoring this device.
[    79.989] (II) This device may have been added with another device file.
[    79.990] (II) config/udev: Adding input device HDA Intel PCH Headphone (/dev/input/event12)
[    79.990] (II) No input driver specified, ignoring this device.
[    79.990] (II) This device may have been added with another device file.
[    79.990] (II) config/udev: Adding input device HDA Intel PCH HDMI/DP,pcm=3 (/dev/input/event13)
[    79.990] (II) No input driver specified, ignoring this device.
[    79.990] (II) This device may have been added with another device file.
[    79.991] (II) config/udev: Adding input device HDA Intel PCH HDMI/DP,pcm=7 (/dev/input/event14)
[    79.991] (II) No input driver specified, ignoring this device.
[    79.991] (II) This device may have been added with another device file.
[    79.991] (II) config/udev: Adding input device HDA Intel PCH HDMI/DP,pcm=8 (/dev/input/event15)
[    79.991] (II) No input driver specified, ignoring this device.
[    79.991] (II) This device may have been added with another device file.
[    79.992] (II) config/udev: Adding input device Dell WMI hotkeys (/dev/input/event17)
[    79.992] (**) Dell WMI hotkeys: Applying InputClass "libinput keyboard catchall"
[    79.992] (II) Using input driver 'libinput' for 'Dell WMI hotkeys'
[    79.993] (II) systemd-logind: got fd for /dev/input/event17 13:81 fd 29 paused 0
[    79.993] (**) Dell WMI hotkeys: always reports core events
[    79.993] (**) Option "Device" "/dev/input/event17"
[    79.993] (**) Option "_source" "server/udev"
[    79.993] (II) event17 - Dell WMI hotkeys: is tagged by udev as: Keyboard
[    79.993] (II) event17 - Dell WMI hotkeys: device is a keyboard
[    79.993] (II) event17 - Dell WMI hotkeys: device removed
[    79.994] (**) Option "config_info" "udev:/sys/devices/platform/PNP0C14:00/wmi_bus/wmi_bus-PNP0C14:00/9DBB5994-A997-11DA-B012-B622A1EF5492/input/input18/event17"
[    79.994] (II) XINPUT: Adding extended input device "Dell WMI hotkeys" (type: KEYBOARD, id 12)
[    79.994] (**) Option "xkb_model" "pc105"
[    79.994] (**) Option "xkb_layout" "us"
[    79.994] (II) event17 - Dell WMI hotkeys: is tagged by udev as: Keyboard
[    79.994] (II) event17 - Dell WMI hotkeys: device is a keyboard
[    79.995] (II) config/udev: Adding input device AT Translated Set 2 keyboard (/dev/input/event4)
[    79.995] (**) AT Translated Set 2 keyboard: Applying InputClass "libinput keyboard catchall"
[    79.995] (II) Using input driver 'libinput' for 'AT Translated Set 2 keyboard'
[    79.995] (II) systemd-logind: got fd for /dev/input/event4 13:68 fd 30 paused 0
[    79.996] (**) AT Translated Set 2 keyboard: always reports core events
[    79.996] (**) Option "Device" "/dev/input/event4"
[    79.996] (**) Option "_source" "server/udev"
[    79.996] (II) event4  - AT Translated Set 2 keyboard: is tagged by udev as: Keyboard
[    79.996] (II) event4  - AT Translated Set 2 keyboard: device is a keyboard
[    79.997] (II) event4  - AT Translated Set 2 keyboard: device removed
[    79.997] (**) Option "config_info" "udev:/sys/devices/platform/i8042/serio0/input/input4/event4"
[    79.997] (II) XINPUT: Adding extended input device "AT Translated Set 2 keyboard" (type: KEYBOARD, id 13)
[    79.997] (**) Option "xkb_model" "pc105"
[    79.997] (**) Option "xkb_layout" "us"
[    79.998] (II) event4  - AT Translated Set 2 keyboard: is tagged by udev as: Keyboard
[    79.998] (II) event4  - AT Translated Set 2 keyboard: device is a keyboard
[    79.999] (II) config/udev: Adding input device AlpsPS/2 ALPS DualPoint TouchPad (/dev/input/event7)
[    79.999] (**) AlpsPS/2 ALPS DualPoint TouchPad: Applying InputClass "libinput touchpad catchall"
[    79.999] (II) Using input driver 'libinput' for 'AlpsPS/2 ALPS DualPoint TouchPad'
[    80.000] (II) systemd-logind: got fd for /dev/input/event7 13:71 fd 31 paused 0
[    80.000] (**) AlpsPS/2 ALPS DualPoint TouchPad: always reports core events
[    80.000] (**) Option "Device" "/dev/input/event7"
[    80.000] (**) Option "_source" "server/udev"
[    80.001] (II) event7  - AlpsPS/2 ALPS DualPoint TouchPad: is tagged by udev as: Touchpad
[    80.001] (II) event7  - AlpsPS/2 ALPS DualPoint TouchPad: no resolution or size hints, assuming a size of 69x50mm
[    80.001] (II) event7  - AlpsPS/2 ALPS DualPoint TouchPad: device is a touchpad
[    80.001] (II) event7  - AlpsPS/2 ALPS DualPoint TouchPad: device removed
[    80.001] (**) Option "config_info" "udev:/sys/devices/platform/i8042/serio1/input/input6/event7"
[    80.001] (II) XINPUT: Adding extended input device "AlpsPS/2 ALPS DualPoint TouchPad" (type: TOUCHPAD, id 14)
[    80.002] (**) Option "AccelerationScheme" "none"
[    80.002] (**) AlpsPS/2 ALPS DualPoint TouchPad: (accel) selected scheme none/0
[    80.002] (**) AlpsPS/2 ALPS DualPoint TouchPad: (accel) acceleration factor: 2.000
[    80.002] (**) AlpsPS/2 ALPS DualPoint TouchPad: (accel) acceleration threshold: 4
[    80.003] (II) event7  - AlpsPS/2 ALPS DualPoint TouchPad: is tagged by udev as: Touchpad
[    80.003] (II) event7  - AlpsPS/2 ALPS DualPoint TouchPad: no resolution or size hints, assuming a size of 69x50mm
[    80.003] (II) event7  - AlpsPS/2 ALPS DualPoint TouchPad: device is a touchpad
[    80.004] (II) config/udev: Adding input device AlpsPS/2 ALPS DualPoint TouchPad (/dev/input/mouse2)
[    80.004] (II) No input driver specified, ignoring this device.
[    80.004] (II) This device may have been added with another device file.
[    80.005] (II) config/udev: Adding input device AlpsPS/2 ALPS DualPoint Stick (/dev/input/event6)
[    80.005] (**) AlpsPS/2 ALPS DualPoint Stick: Applying InputClass "libinput pointer catchall"
[    80.005] (II) Using input driver 'libinput' for 'AlpsPS/2 ALPS DualPoint Stick'
[    80.006] (II) systemd-logind: got fd for /dev/input/event6 13:70 fd 32 paused 0
[    80.006] (**) AlpsPS/2 ALPS DualPoint Stick: always reports core events
[    80.006] (**) Option "Device" "/dev/input/event6"
[    80.006] (**) Option "_source" "server/udev"
[    80.007] (II) event6  - AlpsPS/2 ALPS DualPoint Stick: is tagged by udev as: Mouse Pointingstick
[    80.007] (II) event6  - AlpsPS/2 ALPS DualPoint Stick: device is a pointer
[    80.007] (II) event6  - AlpsPS/2 ALPS DualPoint Stick: device removed
[    80.007] (**) Option "config_info" "udev:/sys/devices/platform/i8042/serio1/input/input8/event6"
[    80.007] (II) XINPUT: Adding extended input device "AlpsPS/2 ALPS DualPoint Stick" (type: MOUSE, id 15)
[    80.007] (**) Option "AccelerationScheme" "none"
[    80.007] (**) AlpsPS/2 ALPS DualPoint Stick: (accel) selected scheme none/0
[    80.007] (**) AlpsPS/2 ALPS DualPoint Stick: (accel) acceleration factor: 2.000
[    80.007] (**) AlpsPS/2 ALPS DualPoint Stick: (accel) acceleration threshold: 4
[    80.008] (II) event6  - AlpsPS/2 ALPS DualPoint Stick: is tagged by udev as: Mouse Pointingstick
[    80.008] (II) event6  - AlpsPS/2 ALPS DualPoint Stick: device is a pointer
[    80.009] (II) config/udev: Adding input device AlpsPS/2 ALPS DualPoint Stick (/dev/input/mouse1)
[    80.009] (II) No input driver specified, ignoring this device.
[    80.009] (II) This device may have been added with another device file.
[    84.027] (II) modeset(0): EDID vendor "LGD", prod id 830
[    84.027] (II) modeset(0): Printing DDC gathered Modelines:
[    84.027] (II) modeset(0): Modeline "1366x768"x0.0   76.75  1366 1402 1450 1552  768 771 776 824 -hsync -vsync (49.5 kHz eP)
[    84.027] (II) modeset(0): Modeline "1366x768"x0.0   50.80  1366 1402 1450 1552  768 771 776 818 -hsync -vsync (32.7 kHz e)
